<?xml version="1.0" encoding="UTF-8"?>
<!-- Generated by org.testng.reporters.JUnitReportReporter -->
<testsuite hostname="PPTLAP102" failures="0" tests="2" name="com.dvm.qa.selenium.testcases.OrangeHRM_loginPageTest" time="29.540" errors="0" timestamp="2024-06-28T12:14:32 IST" skipped="0">
  <testcase classname="com.dvm.qa.selenium.testcases.OrangeHRM_loginPageTest" name="verify_Orange_HRM_Login_with_Invalid_Credentials" time="14.292"/>
  <testcase classname="com.dvm.qa.selenium.testcases.OrangeHRM_loginPageTest" name="verify_OrangeHRM_Login_with_valid_credentials" time="15.248"/>
</testsuite> <!-- com.dvm.qa.selenium.testcases.OrangeHRM_loginPageTest -->
