<?xml version="1.0" encoding="UTF-8"?>
<!-- Generated by org.testng.reporters.JUnitReportReporter -->
<testsuite hostname="PPTLAP102" failures="0" tests="4" name="com.dvm.qa.selenium.testcases.OrangeHRM_loginPageTest" time="34.647" errors="0" timestamp="2024-07-04T15:20:40 IST" skipped="0">
  <testcase classname="com.dvm.qa.selenium.testcases.OrangeHRM_loginPageTest" name="verify_Orange_HRM_Login_with_Invalid_Credentials" time="9.272"/>
  <testcase classname="com.dvm.qa.selenium.testcases.OrangeHRM_loginPageTest" name="verify_Orange_HRM_Login_with_Invalid_Credentials" time="8.902"/>
  <testcase classname="com.dvm.qa.selenium.testcases.OrangeHRM_loginPageTest" name="verify_Orange_HRM_Login_with_Invalid_Credentials" time="9.050"/>
  <testcase classname="com.dvm.qa.selenium.testcases.OrangeHRM_loginPageTest" name="verify_OrangeHRM_Login_with_valid_credentials" time="7.423"/>
</testsuite> <!-- com.dvm.qa.selenium.testcases.OrangeHRM_loginPageTest -->
