<?xml version="1.0" encoding="UTF-8"?>
<!-- Generated by org.testng.reporters.JUnitReportReporter -->
<testsuite hostname="PPTLAP102" failures="0" tests="1" name="com.dvm.qa.selenium.testcases.OrangeHRM_loginPageTest" time="324.013" errors="0" timestamp="2024-06-23T15:34:14 IST" skipped="0">
  <testcase classname="com.dvm.qa.selenium.testcases.OrangeHRM_loginPageTest" name="verify_OrangeHRM_Login" time="324.013"/>
</testsuite> <!-- com.dvm.qa.selenium.testcases.OrangeHRM_loginPageTest -->
