<?xml version="1.0" encoding="UTF-8"?>
<!-- Generated by org.testng.reporters.JUnitReportReporter -->
<testsuite hostname="PPTLAP102" failures="0" tests="4" name="com.dvm.qa.selenium.testcases.OrangeHRM_loginPageTest" time="40.317" errors="0" timestamp="2024-07-04T17:31:18 IST" skipped="0">
  <testcase classname="com.dvm.qa.selenium.testcases.OrangeHRM_loginPageTest" name="verify_Orange_HRM_Login_with_Invalid_Credentials" time="10.270"/>
  <testcase classname="com.dvm.qa.selenium.testcases.OrangeHRM_loginPageTest" name="verify_Orange_HRM_Login_with_Invalid_Credentials" time="9.015"/>
  <testcase classname="com.dvm.qa.selenium.testcases.OrangeHRM_loginPageTest" name="verify_Orange_HRM_Login_with_Invalid_Credentials" time="10.939"/>
  <testcase classname="com.dvm.qa.selenium.testcases.OrangeHRM_loginPageTest" name="verify_OrangeHRM_Login_with_valid_credentials" time="10.093"/>
</testsuite> <!-- com.dvm.qa.selenium.testcases.OrangeHRM_loginPageTest -->
