<?xml version="1.0" encoding="UTF-8"?>
<!-- Generated by org.testng.reporters.JUnitReportReporter -->
<testsuite hostname="PPTLAP102" failures="0" tests="1" name="com.dvm.qa.selenium.testcases.OrangeHRM_ResetPasswordPageTest" time="11.450" errors="0" timestamp="2024-07-24T13:50:35 IST" skipped="0">
  <testcase classname="com.dvm.qa.selenium.testcases.OrangeHRM_ResetPasswordPageTest" name="verifyResetPasswordHeader" time="11.450"/>
</testsuite> <!-- com.dvm.qa.selenium.testcases.OrangeHRM_ResetPasswordPageTest -->
