<?xml version="1.0" encoding="UTF-8"?>
<!-- Generated by org.testng.reporters.JUnitReportReporter -->
<testsuite hostname="PPTLAP102" failures="0" tests="1" name="com.dvm.qa.selenium.testcases.OrangeHRM_PIM_viewEmployeeListPageTest" time="16.273" errors="0" timestamp="2024-07-16T00:20:18 IST" skipped="0">
  <testcase classname="com.dvm.qa.selenium.testcases.OrangeHRM_PIM_viewEmployeeListPageTest" name="verify_that_the_admin_can_be_able_to_search_the_employee" time="16.273"/>
</testsuite> <!-- com.dvm.qa.selenium.testcases.OrangeHRM_PIM_viewEmployeeListPageTest -->
