<?xml version="1.0" encoding="UTF-8"?>
<!-- Generated by org.testng.reporters.JUnitReportReporter -->
<testsuite hostname="PPTLAP102" failures="0" tests="1" name="com.dvm.qa.selenium.testcases.OrangeHRM_ResetPasswordPageTest" time="6.879" errors="0" timestamp="2024-07-01T16:49:28 IST" skipped="0">
  <testcase classname="com.dvm.qa.selenium.testcases.OrangeHRM_ResetPasswordPageTest" name="verifyResetPasswordHeader" time="6.879"/>
</testsuite> <!-- com.dvm.qa.selenium.testcases.OrangeHRM_ResetPasswordPageTest -->
