<?xml version="1.0" encoding="UTF-8"?>
<!-- Generated by org.testng.reporters.JUnitReportReporter -->
<testsuite hostname="PPTLAP102" failures="0" tests="4" name="com.dvm.qa.selenium.testcases.OrangeHRM_loginPageTest" time="37.909" errors="0" timestamp="2024-06-28T15:13:56 IST" skipped="0">
  <testcase classname="com.dvm.qa.selenium.testcases.OrangeHRM_loginPageTest" name="verify_OrangeHRM_Login_with_valid_credentials" time="9.423"/>
  <testcase classname="com.dvm.qa.selenium.testcases.OrangeHRM_loginPageTest" name="verify_Orange_HRM_Login_with_Invalid_Credentials" time="7.438"/>
  <testcase classname="com.dvm.qa.selenium.testcases.OrangeHRM_loginPageTest" name="verify_Orange_HRM_Login_with_Invalid_Credentials" time="13.552"/>
  <testcase classname="com.dvm.qa.selenium.testcases.OrangeHRM_loginPageTest" name="verify_Orange_HRM_Login_with_Invalid_Credentials" time="7.496"/>
</testsuite> <!-- com.dvm.qa.selenium.testcases.OrangeHRM_loginPageTest -->
