<?xml version="1.0" encoding="UTF-8"?>
<!-- Generated by org.testng.reporters.JUnitReportReporter -->
<testsuite hostname="PPTLAP102" failures="0" tests="2" name="com.dvm.qa.selenium.testcases.OrangeHRM_PIM_viewEmployeeListPageTest" time="45.372" errors="0" timestamp="2024-07-24T14:19:08 IST" skipped="0">
  <testcase classname="com.dvm.qa.selenium.testcases.OrangeHRM_PIM_viewEmployeeListPageTest" name="verify_that_the_admin_can_be_able_to_search_the_employee" time="22.576"/>
  <testcase classname="com.dvm.qa.selenium.testcases.OrangeHRM_PIM_viewEmployeeListPageTest" name="verify_that_admin_can_delete_employee" time="22.796"/>
</testsuite> <!-- com.dvm.qa.selenium.testcases.OrangeHRM_PIM_viewEmployeeListPageTest -->
