<?xml version="1.0" encoding="UTF-8"?>
<!-- Generated by org.testng.reporters.JUnitReportReporter -->
<testsuite hostname="PPTLAP102" failures="0" tests="1" name="com.dvm.qa.selenium.testcases.OrangeHRM_PIM_addEmployeePageTest" time="41.512" errors="0" timestamp="2024-07-04T17:04:13 IST" skipped="0">
  <testcase classname="com.dvm.qa.selenium.testcases.OrangeHRM_PIM_addEmployeePageTest" name="verifyAdminCanAddEmployee" time="41.512"/>
</testsuite> <!-- com.dvm.qa.selenium.testcases.OrangeHRM_PIM_addEmployeePageTest -->
