<?xml version="1.0" encoding="UTF-8"?>
<!-- Generated by org.testng.reporters.JUnitReportReporter -->
<testsuite hostname="PPTLAP102" failures="0" tests="5" name="com.dvm.qa.selenium.testcases.OrangeHRM_loginPageTest" time="59.566" errors="0" timestamp="2024-07-24T14:19:08 IST" skipped="0">
  <testcase classname="com.dvm.qa.selenium.testcases.OrangeHRM_loginPageTest" name="verify_Orange_HRM_Login_with_Invalid_Credentials" time="12.524"/>
  <testcase classname="com.dvm.qa.selenium.testcases.OrangeHRM_loginPageTest" name="verify_OrangeHRM_Login_with_valid_credentials" time="12.131"/>
  <testcase classname="com.dvm.qa.selenium.testcases.OrangeHRM_loginPageTest" name="verify_Orange_HRM_Login_with_Invalid_Credentials" time="12.385"/>
  <testcase classname="com.dvm.qa.selenium.testcases.OrangeHRM_loginPageTest" name="verify_Orange_HRM_Login_with_Invalid_Credentials" time="11.521"/>
  <testcase classname="com.dvm.qa.selenium.testcases.OrangeHRM_loginPageTest" name="verify_Orange_hrm_logo_present" time="11.005"/>
</testsuite> <!-- com.dvm.qa.selenium.testcases.OrangeHRM_loginPageTest -->
